db/seed.ts(17,42): error TS2345: Argument of type 'NonSharedBuffer' is not assignable to parameter of type 'string'.
db/seed.ts(18,50): error TS7006: Parameter 'ex' implicitly has an 'any' type.
db/seed.ts(29,34): error TS18046: 'error' is of type 'unknown'.
scripts/seed-300.ts(4,25): error TS2307: Cannot find module '../db/schema.js' or its corresponding type declarations.
scripts/seed-300.ts(13,34): error TS2345: Argument of type 'NonSharedBuffer' is not assignable to parameter of type 'string'.
scripts/seed-300.ts(17,28): error TS18046: 'error' is of type 'unknown'.
